<?xml version="1.0"?>
<Locations >
  <Project>
    <vfs_file>/home/boulanger/ancr/src/als/testsuite/ada_lsp/configuration_warning_changing_setting/test.gpr</vfs_file>
    <file_marker current="true" column=" 1" line=" 1" >
      <vfs_project />
      <vfs_file>/home/boulanger/ancr/src/als/testsuite/ada_lsp/configuration_warning_changing_setting/test.gpr</vfs_file>
    </file_marker>
  </Project>
</Locations>
